 Branching  Partial width   Channel
 6.131E-01  1.154E-03 GeV   h1 -> d3,D3
 1.702E-01  3.205E-04 GeV   h1 -> g,g
 1.381E-01  2.600E-04 GeV   h1 -> e3,E3
 4.047E-02  7.619E-05 GeV   h1 -> u2,U2
 1.492E-02  2.808E-05 GeV   h1 -> Ah4,Ah4
 8.746E-03  1.647E-05 GeV   h1 -> Ah3,Ah3
 6.946E-03  1.308E-05 GeV   h1 -> Ah3,Ah4
 6.727E-03  1.266E-05 GeV   h1 -> A,A
 4.890E-04  9.206E-07 GeV   h1 -> e2,E2
 2.340E-04  4.406E-07 GeV   h1 -> d2,D2
 1.657E-06  3.120E-09 GeV   h1 -> Ah3,Z
 6.483E-07  1.220E-09 GeV   h1 -> d1,D1
 1.615E-07  3.041E-10 GeV   h1 -> u1,U1
 1.111E-07  2.092E-10 GeV   h1 -> Ah4,Z
 1.144E-08  2.153E-11 GeV   h1 -> e1,E1
 9.335E-12  1.757E-14 GeV   h1 -> nu3,Nu3
 7.776E-12  1.464E-14 GeV   h1 -> nu2,Nu2
 6.122E-13  1.152E-15 GeV   h1 -> nu1,Nu1
 1.577E-22  2.969E-25 GeV   h1 -> U1,u2
 1.577E-22  2.969E-25 GeV   h1 -> u1,U2
 2.910E-26  5.477E-29 GeV   h1 -> D2,d3
 2.910E-26  5.477E-29 GeV   h1 -> d2,D3
 2.198E-28  4.139E-31 GeV   h1 -> D1,d3
 2.198E-28  4.139E-31 GeV   h1 -> d1,D3
 1.654E-32  3.114E-35 GeV   h1 -> D1,d2
 1.654E-32  3.114E-35 GeV   h1 -> d1,D2
 1.706E-41  3.211E-44 GeV   h1 -> Nu1,nu3
 1.706E-41  3.211E-44 GeV   h1 -> nu1,Nu3
 Branching  Partial width   Channel
 9.983E-01  1.120E+00 GeV   u3 -> Wp,d3
 1.704E-03  1.910E-03 GeV   u3 -> Wp,d2
 3.582E-05  4.018E-05 GeV   u3 -> Wp,d1
 1.280E-22  1.436E-22 GeV   u3 -> Z,u2
 5.808E-23  6.513E-23 GeV   u3 -> h1,u2
 4.664E-23  5.231E-23 GeV   u3 -> Z,u1
 2.116E-23  2.373E-23 GeV   u3 -> h1,u1
 1.473E-28  1.652E-28 GeV   u3 -> Ah3,u2
 5.365E-29  6.017E-29 GeV   u3 -> Ah3,u1
 1.338E-29  1.501E-29 GeV   u3 -> Ah4,u2
 4.876E-30  5.468E-30 GeV   u3 -> Ah4,u1
 Branching  Partial width   Channel
 1.525E-01  3.768E-01 GeV   Z -> d1,D1
 1.525E-01  3.768E-01 GeV   Z -> d2,D2
 1.509E-01  3.729E-01 GeV   Z -> d3,D3
 1.198E-01  2.959E-01 GeV   Z -> u1,U1
 1.198E-01  2.959E-01 GeV   Z -> u2,U2
 6.716E-02  1.659E-01 GeV   Z -> nu1,Nu1
 6.716E-02  1.659E-01 GeV   Z -> nu2,Nu2
 6.716E-02  1.659E-01 GeV   Z -> nu3,Nu3
 3.435E-02  8.485E-02 GeV   Z -> e1,E1
 3.435E-02  8.485E-02 GeV   Z -> e2,E2
 3.427E-02  8.466E-02 GeV   Z -> e3,E3
 2.942E-26  7.266E-26 GeV   Z -> U1,u2
 2.942E-26  7.266E-26 GeV   Z -> u1,U2
 5.399E-30  1.334E-29 GeV   Z -> D2,d3
 5.399E-30  1.334E-29 GeV   Z -> d2,D3
 4.080E-32  1.008E-31 GeV   Z -> D1,d3
 4.080E-32  1.008E-31 GeV   Z -> d1,D3
 3.075E-36  7.596E-36 GeV   Z -> D1,d2
 3.075E-36  7.596E-36 GeV   Z -> d1,D2
 3.181E-45  7.859E-45 GeV   Z -> Nu1,nu3
 3.181E-45  7.859E-45 GeV   Z -> nu1,Nu3
 Branching  Partial width   Channel
 3.164E-01  6.606E-01 GeV   Wp -> D1,u1
 3.158E-01  6.593E-01 GeV   Wp -> D2,u2
 1.111E-01  2.320E-01 GeV   Wp -> nu1,E1
 1.111E-01  2.320E-01 GeV   Wp -> nu3,E2
 1.110E-01  2.319E-01 GeV   Wp -> nu2,E3
 1.699E-02  3.548E-02 GeV   Wp -> D2,u1
 1.698E-02  3.546E-02 GeV   Wp -> D1,u2
 5.721E-04  1.194E-03 GeV   Wp -> D3,u2
 4.035E-06  8.425E-06 GeV   Wp -> D3,u1
 6.274E-45  1.310E-44 GeV   Wp -> nu1,E2
 4.115E-46  8.591E-46 GeV   Wp -> nu3,E1
 Branching  Partial width   Channel
 1.817E-01  1.711E+01 GeV   Zp -> u3,U3
 1.606E-01  1.512E+01 GeV   Zp -> u2,U2
 1.606E-01  1.512E+01 GeV   Zp -> u1,U1
 6.673E-02  6.284E+00 GeV   Zp -> nu1,Nu1
 6.673E-02  6.284E+00 GeV   Zp -> nu2,Nu2
 6.673E-02  6.284E+00 GeV   Zp -> nu3,Nu3
 4.777E-02  4.498E+00 GeV   Zp -> ~C1,~c1
 3.084E-02  2.904E+00 GeV   Zp -> Wm,Wp
 3.052E-02  2.874E+00 GeV   Zp -> h1,Z
 2.694E-02  2.537E+00 GeV   Zp -> ~c1,~C2
 2.694E-02  2.537E+00 GeV   Zp -> ~C1,~c2
 1.891E-02  1.780E+00 GeV   Zp -> ~N3,~N4
 1.540E-02  1.450E+00 GeV   Zp -> ~N2,~N3
 1.332E-02  1.255E+00 GeV   Zp -> ~N4,~N6
 9.686E-03  9.122E-01 GeV   Zp -> h2,Ah3
 9.581E-03  9.023E-01 GeV   Zp -> ~N2,~N6
 8.260E-03  7.779E-01 GeV   Zp -> ~N1,~N1
 7.667E-03  7.220E-01 GeV   Zp -> d3,D3
 7.623E-03  7.179E-01 GeV   Zp -> ~N3,~N3
 7.239E-03  6.817E-01 GeV   Zp -> ~N2,~N2
 5.345E-03  5.034E-01 GeV   Zp -> ~N4,~N4
 4.962E-03  4.672E-01 GeV   Zp -> d2,D2
 4.961E-03  4.671E-01 GeV   Zp -> d1,D1
 4.388E-03  4.132E-01 GeV   Zp -> h3,Ah4
 4.312E-03  4.061E-01 GeV   Zp -> ~N2,~N4
 4.184E-03  3.940E-01 GeV   Zp -> ~N3,~N6
 1.923E-03  1.811E-01 GeV   Zp -> ~N1,~N3
 1.585E-03  1.493E-01 GeV   Zp -> ~N1,~N5
 1.267E-03  1.193E-01 GeV   Zp -> ~N3,~N5
 8.288E-04  7.805E-02 GeV   Zp -> h1,Ah3
 6.063E-04  5.710E-02 GeV   Zp -> e3,E3
 4.426E-04  4.168E-02 GeV   Zp -> ~N1,~N4
 3.200E-04  3.013E-02 GeV   Zp -> ~N1,~N2
 2.201E-04  2.073E-02 GeV   Zp -> h2,Z
 2.140E-04  2.015E-02 GeV   Zp -> ~N4,~N5
 2.138E-04  2.013E-02 GeV   Zp -> ~N5,~N5
 1.814E-04  1.708E-02 GeV   Zp -> ~N2,~N5
 1.507E-04  1.419E-02 GeV   Zp -> h2,Ah4
 7.789E-05  7.335E-03 GeV   Zp -> h4,Z
 7.524E-05  7.086E-03 GeV   Zp -> h1,Ah4
 5.724E-05  5.391E-03 GeV   Zp -> h3,Z
 2.039E-05  1.920E-03 GeV   Zp -> h3,Ah3
 6.486E-06  6.107E-04 GeV   Zp -> ~N1,~N6
 2.154E-06  2.029E-04 GeV   Zp -> e2,E2
 5.197E-07  4.894E-05 GeV   Zp -> ~N5,~N6
 1.029E-08  9.692E-07 GeV   Zp -> e1,E1
 5.758E-24  5.423E-22 GeV   Zp -> U2,u3
 5.758E-24  5.423E-22 GeV   Zp -> u2,U3
 2.098E-24  1.975E-22 GeV   Zp -> U1,u3
 2.098E-24  1.975E-22 GeV   Zp -> u1,U3
 1.458E-27  1.373E-25 GeV   Zp -> U1,u2
 1.458E-27  1.373E-25 GeV   Zp -> u1,U2
 1.279E-28  1.204E-26 GeV   Zp -> D2,d3
 1.279E-28  1.204E-26 GeV   Zp -> d2,D3
 9.661E-31  9.098E-29 GeV   Zp -> D1,d3
 9.661E-31  9.098E-29 GeV   Zp -> d1,D3
 7.252E-35  6.829E-33 GeV   Zp -> D1,d2
 7.252E-35  6.829E-33 GeV   Zp -> d1,D2
 1.577E-46  1.485E-44 GeV   Zp -> Nu1,nu3
 1.577E-46  1.485E-44 GeV   Zp -> nu1,Nu3
 -2.233E-10  -2.102E-08 GeV   Zp -> h5,Ah4
 -2.716E-09  -2.558E-07 GeV   Zp -> h5,Ah3
 -8.888E-06  -8.369E-04 GeV   Zp -> h4,Ah3
 -1.020E-04  -9.603E-03 GeV   Zp -> h4,Ah4
 Branching  Partial width   Channel
 6.131E-01  1.154E-03 GeV   h1 -> d3,D3
 1.702E-01  3.205E-04 GeV   h1 -> g,g
 1.381E-01  2.600E-04 GeV   h1 -> e3,E3
 4.047E-02  7.619E-05 GeV   h1 -> u2,U2
 1.492E-02  2.808E-05 GeV   h1 -> Ah4,Ah4
 8.746E-03  1.647E-05 GeV   h1 -> Ah3,Ah3
 6.946E-03  1.308E-05 GeV   h1 -> Ah3,Ah4
 6.727E-03  1.266E-05 GeV   h1 -> A,A
 4.890E-04  9.206E-07 GeV   h1 -> e2,E2
 2.340E-04  4.406E-07 GeV   h1 -> d2,D2
 1.657E-06  3.120E-09 GeV   h1 -> Ah3,Z
 6.483E-07  1.220E-09 GeV   h1 -> d1,D1
 1.615E-07  3.041E-10 GeV   h1 -> u1,U1
 1.111E-07  2.092E-10 GeV   h1 -> Ah4,Z
 1.144E-08  2.153E-11 GeV   h1 -> e1,E1
 9.335E-12  1.757E-14 GeV   h1 -> nu3,Nu3
 7.776E-12  1.464E-14 GeV   h1 -> nu2,Nu2
 6.122E-13  1.152E-15 GeV   h1 -> nu1,Nu1
 1.577E-22  2.969E-25 GeV   h1 -> U1,u2
 1.577E-22  2.969E-25 GeV   h1 -> u1,U2
 2.910E-26  5.477E-29 GeV   h1 -> D2,d3
 2.910E-26  5.477E-29 GeV   h1 -> d2,D3
 2.198E-28  4.139E-31 GeV   h1 -> D1,d3
 2.198E-28  4.139E-31 GeV   h1 -> d1,D3
 1.654E-32  3.114E-35 GeV   h1 -> D1,d2
 1.654E-32  3.114E-35 GeV   h1 -> d1,D2
 1.706E-41  3.211E-44 GeV   h1 -> Nu1,nu3
 1.706E-41  3.211E-44 GeV   h1 -> nu1,Nu3
 Branching  Partial width   Channel
 3.789E-01  2.817E-01 GeV   h2 -> Ah4,Ah4
 1.847E-01  1.373E-01 GeV   h2 -> Wm,Wp
 1.365E-01  1.015E-01 GeV   h2 -> Ah3,Ah3
 1.071E-01  7.960E-02 GeV   h2 -> Ah3,Ah4
 9.355E-02  6.955E-02 GeV   h2 -> h1,h1
 9.193E-02  6.834E-02 GeV   h2 -> Z,Z
 6.969E-03  5.181E-03 GeV   h2 -> u3,U3
 3.504E-04  2.605E-04 GeV   h2 -> Ah3,Z
 7.103E-06  5.280E-06 GeV   h2 -> g,g
 5.835E-06  4.338E-06 GeV   h2 -> Ah4,Z
 1.349E-06  1.003E-06 GeV   h2 -> A,A
 2.560E-07  1.903E-07 GeV   h2 -> d3,D3
 1.213E-07  9.017E-08 GeV   h2 -> u2,U2
 5.736E-08  4.264E-08 GeV   h2 -> e3,E3
 2.028E-10  1.508E-10 GeV   h2 -> e2,E2
 9.707E-11  7.217E-11 GeV   h2 -> d2,D2
 4.840E-13  3.598E-13 GeV   h2 -> u1,U1
 2.689E-13  1.999E-13 GeV   h2 -> d1,D1
 4.744E-15  3.527E-15 GeV   h2 -> e1,E1
 2.797E-17  2.079E-17 GeV   h2 -> nu3,Nu3
 2.330E-17  1.732E-17 GeV   h2 -> nu2,Nu2
 1.834E-18  1.364E-18 GeV   h2 -> nu1,Nu1
 1.834E-24  1.364E-24 GeV   h2 -> U2,u3
 1.834E-24  1.364E-24 GeV   h2 -> u2,U3
 6.682E-25  4.968E-25 GeV   h2 -> U1,u3
 6.682E-25  4.968E-25 GeV   h2 -> u1,U3
 4.726E-28  3.513E-28 GeV   h2 -> U1,u2
 4.726E-28  3.513E-28 GeV   h2 -> u1,U2
 1.210E-32  8.992E-33 GeV   h2 -> D2,d3
 1.210E-32  8.992E-33 GeV   h2 -> d2,D3
 9.139E-35  6.794E-35 GeV   h2 -> D1,d3
 9.139E-35  6.794E-35 GeV   h2 -> d1,D3
 6.860E-39  5.100E-39 GeV   h2 -> D1,d2
 6.860E-39  5.100E-39 GeV   h2 -> d1,D2
 5.111E-47  3.800E-47 GeV   h2 -> Nu1,nu3
 5.111E-47  3.800E-47 GeV   h2 -> nu1,Nu3
 Branching  Partial width   Channel
 4.915E-01  6.921E-01 GeV   h3 -> Ah4,Ah4
 3.063E-01  4.313E-01 GeV   h3 -> Ah3,Ah4
 6.463E-02  9.102E-02 GeV   h3 -> ~N1,~N1
 5.667E-02  7.981E-02 GeV   h3 -> Wm,Wp
 2.859E-02  4.027E-02 GeV   h3 -> h1,h1
 2.817E-02  3.968E-02 GeV   h3 -> Z,Z
 2.240E-02  3.155E-02 GeV   h3 -> Ah3,Ah3
 1.633E-03  2.300E-03 GeV   h3 -> u3,U3
 1.557E-04  2.193E-04 GeV   h3 -> Ah4,Z
 2.461E-06  3.466E-06 GeV   h3 -> ~N1,~N2
 1.614E-06  2.274E-06 GeV   h3 -> g,g
 6.088E-07  8.574E-07 GeV   h3 -> h1,h2
 4.077E-07  5.742E-07 GeV   h3 -> A,A
 3.138E-07  4.420E-07 GeV   h3 -> Ah3,Z
 2.802E-08  3.946E-08 GeV   h3 -> u2,U2
 2.065E-08  2.908E-08 GeV   h3 -> d3,D3
 4.626E-09  6.515E-09 GeV   h3 -> e3,E3
 1.636E-11  2.304E-11 GeV   h3 -> e2,E2
 7.830E-12  1.103E-11 GeV   h3 -> d2,D2
 1.118E-13  1.574E-13 GeV   h3 -> u1,U1
 2.169E-14  3.055E-14 GeV   h3 -> d1,D1
 3.827E-16  5.389E-16 GeV   h3 -> e1,E1
 6.461E-18  9.099E-18 GeV   h3 -> nu3,Nu3
 5.382E-18  7.580E-18 GeV   h3 -> nu2,Nu2
 4.237E-19  5.967E-19 GeV   h3 -> nu1,Nu1
 4.257E-25  5.995E-25 GeV   h3 -> U2,u3
 4.257E-25  5.995E-25 GeV   h3 -> u2,U3
 1.551E-25  2.184E-25 GeV   h3 -> U1,u3
 1.551E-25  2.184E-25 GeV   h3 -> u1,U3
 1.092E-28  1.537E-28 GeV   h3 -> U1,u2
 1.092E-28  1.537E-28 GeV   h3 -> u1,U2
 9.756E-34  1.374E-33 GeV   h3 -> D2,d3
 9.756E-34  1.374E-33 GeV   h3 -> d2,D3
 7.372E-36  1.038E-35 GeV   h3 -> D1,d3
 7.372E-36  1.038E-35 GeV   h3 -> d1,D3
 5.534E-40  7.793E-40 GeV   h3 -> D1,d2
 5.534E-40  7.793E-40 GeV   h3 -> d1,D2
 1.181E-47  1.663E-47 GeV   h3 -> Nu1,nu3
 1.181E-47  1.663E-47 GeV   h3 -> nu1,Nu3
 Branching  Partial width   Channel
 3.519E-01  2.541E+00 GeV   h4 -> Wm,Wp
 2.006E-01  1.448E+00 GeV   h4 -> Ah3,Ah3
 1.765E-01  1.275E+00 GeV   h4 -> h1,h1
 1.754E-01  1.266E+00 GeV   h4 -> Z,Z
 3.881E-02  2.802E-01 GeV   h4 -> ~C1,~c1
 1.888E-02  1.363E-01 GeV   h4 -> ~N3,~N3
 9.922E-03  7.164E-02 GeV   h4 -> ~N2,~N4
 5.511E-03  3.979E-02 GeV   h4 -> ~N1,~N1
 4.997E-03  3.608E-02 GeV   h4 -> u3,U3
 4.977E-03  3.594E-02 GeV   h4 -> ~N4,~N4
 4.816E-03  3.478E-02 GeV   h4 -> ~N2,~N2
 3.202E-03  2.312E-02 GeV   h4 -> Ah3,Ah4
 2.353E-03  1.699E-02 GeV   h4 -> ~N1,~N5
 1.434E-03  1.035E-02 GeV   h4 -> Ah4,Ah4
 1.861E-04  1.344E-03 GeV   h4 -> h1,h2
 1.153E-04  8.326E-04 GeV   h4 -> h1,h3
 8.776E-05  6.337E-04 GeV   h4 -> ~N2,~N3
 6.820E-05  4.924E-04 GeV   h4 -> ~N1,~N2
 6.737E-05  4.864E-04 GeV   h4 -> ~N1,~N4
 4.104E-05  2.963E-04 GeV   h4 -> ~N4,~N5
 2.924E-05  2.111E-04 GeV   h4 -> ~N3,~N4
 2.900E-05  2.094E-04 GeV   h4 -> ~N2,~N5
 2.403E-05  1.735E-04 GeV   h4 -> Ah4,Z
 2.242E-05  1.619E-04 GeV   h4 -> ~N1,~N3
 7.406E-06  5.348E-05 GeV   h4 -> g,g
 3.807E-06  2.749E-05 GeV   h4 -> Ah3,Z
 2.939E-06  2.122E-05 GeV   h4 -> A,A
 1.049E-07  7.573E-07 GeV   h4 -> ~N3,~N5
 8.344E-08  6.025E-07 GeV   h4 -> u2,U2
 2.373E-10  1.713E-09 GeV   h4 -> d3,D3
 5.316E-11  3.838E-10 GeV   h4 -> e3,E3
 3.330E-13  2.404E-12 GeV   h4 -> u1,U1
 1.880E-13  1.357E-12 GeV   h4 -> e2,E2
 8.997E-14  6.496E-13 GeV   h4 -> d2,D2
 2.492E-16  1.800E-15 GeV   h4 -> d1,D1
 1.924E-17  1.389E-16 GeV   h4 -> nu3,Nu3
 1.603E-17  1.158E-16 GeV   h4 -> nu2,Nu2
 4.397E-18  3.175E-17 GeV   h4 -> e1,E1
 1.262E-18  9.113E-18 GeV   h4 -> nu1,Nu1
 1.279E-24  9.235E-24 GeV   h4 -> U2,u3
 1.279E-24  9.235E-24 GeV   h4 -> u2,U3
 4.659E-25  3.364E-24 GeV   h4 -> U1,u3
 4.659E-25  3.364E-24 GeV   h4 -> u1,U3
 3.251E-28  2.348E-27 GeV   h4 -> U1,u2
 3.251E-28  2.348E-27 GeV   h4 -> u1,U2
 1.121E-35  8.094E-35 GeV   h4 -> D2,d3
 1.121E-35  8.094E-35 GeV   h4 -> d2,D3
 8.470E-38  6.116E-37 GeV   h4 -> D1,d3
 8.470E-38  6.116E-37 GeV   h4 -> d1,D3
 6.358E-42  4.591E-41 GeV   h4 -> D1,d2
 6.358E-42  4.591E-41 GeV   h4 -> d1,D2
 3.516E-47  2.539E-46 GeV   h4 -> Nu1,nu3
 3.516E-47  2.539E-46 GeV   h4 -> nu1,Nu3
 Branching  Partial width   Channel
 2.163E-01  7.587E+00 GeV   h5 -> ~c1,~C2
 2.163E-01  7.587E+00 GeV   h5 -> ~C1,~c2
 1.849E-01  6.488E+00 GeV   h5 -> ~N3,~N6
 1.824E-01  6.397E+00 GeV   h5 -> u3,U3
 4.739E-02  1.663E+00 GeV   h5 -> ~N2,~N3
 2.495E-02  8.752E-01 GeV   h5 -> ~N3,~N4
 2.172E-02  7.620E-01 GeV   h5 -> d3,D3
 1.705E-02  5.981E-01 GeV   h5 -> ~N4,~N6
 1.507E-02  5.287E-01 GeV   h5 -> ~N2,~N2
 1.440E-02  5.051E-01 GeV   h5 -> ~N2,~N6
 7.790E-03  2.733E-01 GeV   h5 -> ~N1,~N4
 7.079E-03  2.483E-01 GeV   h5 -> ~N1,~N2
 6.644E-03  2.331E-01 GeV   h5 -> Ah3,Z
 6.242E-03  2.190E-01 GeV   h5 -> ~N4,~N4
 5.675E-03  1.991E-01 GeV   h5 -> ~N4,~N5
 5.394E-03  1.892E-01 GeV   h5 -> ~N1,~N3
 4.866E-03  1.707E-01 GeV   h5 -> e3,E3
 4.359E-03  1.529E-01 GeV   h5 -> ~N2,~N5
 3.151E-03  1.105E-01 GeV   h5 -> ~C1,~c1
 2.909E-03  1.020E-01 GeV   h5 -> ~N3,~N5
 1.758E-03  6.169E-02 GeV   h5 -> h1,h2
 1.609E-03  5.645E-02 GeV   h5 -> ~N2,~N4
 6.315E-04  2.215E-02 GeV   h5 -> h1,h4
 6.007E-04  2.107E-02 GeV   h5 -> Ah4,Z
 4.315E-04  1.514E-02 GeV   h5 -> h1,h3
 1.978E-04  6.939E-03 GeV   h5 -> h1,h1
 8.833E-05  3.099E-03 GeV   h5 -> ~N3,~N3
 5.659E-05  1.985E-03 GeV   h5 -> g,g
 4.248E-05  1.490E-03 GeV   h5 -> ~N5,~N6
 2.307E-05  8.094E-04 GeV   h5 -> Wm,Wp
 2.117E-05  7.426E-04 GeV   h5 -> ~N1,~N1
 1.721E-05  6.036E-04 GeV   h5 -> e2,E2
 1.509E-05  5.294E-04 GeV   h5 -> ~N1,~N5
 8.235E-06  2.889E-04 GeV   h5 -> d2,D2
 3.012E-06  1.057E-04 GeV   h5 -> u2,U2
 1.288E-06  4.519E-05 GeV   h5 -> ~N5,~N5
 5.302E-07  1.860E-05 GeV   h5 -> A,A
 2.376E-07  8.337E-06 GeV   h5 -> h2,h2
 2.007E-07  7.043E-06 GeV   h5 -> ~N1,~N6
 8.818E-08  3.094E-06 GeV   h5 -> h2,h3
 4.247E-08  1.490E-06 GeV   h5 -> Ah3,Ah5
 2.281E-08  8.003E-07 GeV   h5 -> d1,D1
 1.777E-08  6.235E-07 GeV   h5 -> Ah3,Ah3
 3.310E-09  1.161E-07 GeV   h5 -> Ah4,Ah5
 6.585E-10  2.310E-08 GeV   h5 -> Ah4,Ah4
 4.506E-10  1.581E-08 GeV   h5 -> Ah3,Ah4
 4.025E-10  1.412E-08 GeV   h5 -> e1,E1
 1.202E-11  4.216E-10 GeV   h5 -> u1,U1
 6.946E-16  2.437E-14 GeV   h5 -> nu3,Nu3
 5.786E-16  2.030E-14 GeV   h5 -> nu2,Nu2
 4.555E-17  1.598E-15 GeV   h5 -> nu1,Nu1
 4.633E-23  1.626E-21 GeV   h5 -> U2,u3
 4.633E-23  1.626E-21 GeV   h5 -> u2,U3
 1.688E-23  5.922E-22 GeV   h5 -> U1,u3
 1.688E-23  5.922E-22 GeV   h5 -> u1,U3
 1.173E-26  4.117E-25 GeV   h5 -> U1,u2
 1.173E-26  4.117E-25 GeV   h5 -> u1,U2
 1.026E-27  3.600E-26 GeV   h5 -> D2,d3
 1.026E-27  3.600E-26 GeV   h5 -> d2,D3
 7.753E-30  2.720E-28 GeV   h5 -> D1,d3
 7.753E-30  2.720E-28 GeV   h5 -> d1,D3
 5.820E-34  2.042E-32 GeV   h5 -> D1,d2
 5.820E-34  2.042E-32 GeV   h5 -> d1,D2
 1.269E-45  4.452E-44 GeV   h5 -> Nu1,nu3
 1.269E-45  4.452E-44 GeV   h5 -> nu1,Nu3
 -5.166E-08  -1.812E-06 GeV   h5 -> Z,Z
 Branching  Partial width   Channel
 2.543E-01  7.742E+00 GeV   h6 -> ~N1,~N5
 1.375E-01  4.184E+00 GeV   h6 -> Ah4,Ah4
 1.340E-01  4.079E+00 GeV   h6 -> Wm,Wp
 7.839E-02  2.386E+00 GeV   h6 -> Ah3,Ah4
 7.281E-02  2.216E+00 GeV   h6 -> Ah3,Ah5
 6.965E-02  2.120E+00 GeV   h6 -> h3,h4
 6.695E-02  2.038E+00 GeV   h6 -> h1,h1
 6.690E-02  2.036E+00 GeV   h6 -> Z,Z
 6.068E-02  1.847E+00 GeV   h6 -> h2,h4
 2.560E-02  7.793E-01 GeV   h6 -> ~N1,~N8
 2.349E-02  7.150E-01 GeV   h6 -> h2,h2
 2.121E-02  6.455E-01 GeV   h6 -> h3,h3
 1.510E-02  4.596E-01 GeV   h6 -> Ah4,Ah5
 9.533E-03  2.902E-01 GeV   h6 -> ~C1,~c1
 4.915E-03  1.496E-01 GeV   h6 -> ~N1,~N7
 4.706E-03  1.432E-01 GeV   h6 -> ~N3,~N3
 4.257E-03  1.296E-01 GeV   h6 -> ~N5,~N5
 3.342E-03  1.017E-01 GeV   h6 -> ~N1,~N1
 3.192E-03  9.715E-02 GeV   h6 -> ~N5,~N7
 2.394E-03  7.286E-02 GeV   h6 -> ~N2,~N4
 1.344E-03  4.090E-02 GeV   h6 -> ~N4,~N4
 1.222E-03  3.721E-02 GeV   h6 -> Ah3,Ah3
 1.053E-03  3.206E-02 GeV   h6 -> ~N2,~N2
 7.085E-04  2.156E-02 GeV   h6 -> h1,h5
 7.012E-04  2.134E-02 GeV   h6 -> Hp2,Wm
 7.012E-04  2.134E-02 GeV   h6 -> Hm2,Wp
 6.658E-04  2.027E-02 GeV   h6 -> Z,Zp
 5.965E-04  1.816E-02 GeV   h6 -> u3,U3
 1.913E-04  5.822E-03 GeV   h6 -> h1,h4
 8.521E-05  2.594E-03 GeV   h6 -> Ah3,Z
 6.877E-05  2.093E-03 GeV   h6 -> ~N3,~N5
 6.102E-05  1.857E-03 GeV   h6 -> h1,h2
 4.778E-05  1.454E-03 GeV   h6 -> ~c1,~C2
 4.778E-05  1.454E-03 GeV   h6 -> ~C1,~c2
 4.280E-05  1.303E-03 GeV   h6 -> ~N3,~N6
 3.996E-05  1.216E-03 GeV   h6 -> Ah5,Z
 3.047E-05  9.275E-04 GeV   h6 -> h2,h3
 3.028E-05  9.215E-04 GeV   h6 -> ~N3,~N8
 2.016E-05  6.137E-04 GeV   h6 -> h1,h3
 1.727E-05  5.255E-04 GeV   h6 -> Ah4,Z
 1.348E-05  4.102E-04 GeV   h6 -> ~N2,~N3
 1.263E-05  3.844E-04 GeV   h6 -> g,g
 1.202E-05  3.660E-04 GeV   h6 -> ~N1,~N9
 1.191E-05  3.625E-04 GeV   h6 -> ~N3,~N7
 9.017E-06  2.745E-04 GeV   h6 -> ~N4,~N5
 8.739E-06  2.660E-04 GeV   h6 -> ~N1,~N4
 6.905E-06  2.102E-04 GeV   h6 -> ~N1,~N3
 4.669E-06  1.421E-04 GeV   h6 -> ~N3,~N4
 3.353E-06  1.021E-04 GeV   h6 -> ~N2,~N5
 2.598E-06  7.908E-05 GeV   h6 -> ~N2,~N6
 2.326E-06  7.081E-05 GeV   h6 -> ~N1,~N2
 1.983E-06  6.036E-05 GeV   h6 -> ~N4,~N6
 6.869E-07  2.091E-05 GeV   h6 -> ~N4,~N7
 6.654E-07  2.025E-05 GeV   h6 -> A,A
 3.316E-07  1.009E-05 GeV   h6 -> ~N2,~N8
 1.759E-07  5.355E-06 GeV   h6 -> ~N1,~N6
 6.395E-08  1.947E-06 GeV   h6 -> ~N4,~N8
 4.589E-08  1.397E-06 GeV   h6 -> ~N5,~N6
 4.344E-08  1.322E-06 GeV   h6 -> ~C2,~c2
 2.165E-08  6.589E-07 GeV   h6 -> ~N6,~N6
 9.796E-09  2.982E-07 GeV   h6 -> u2,U2
 9.531E-09  2.901E-07 GeV   h6 -> ~N2,~N7
 2.700E-09  8.217E-08 GeV   h6 -> ~sv1,~Sv1
 2.622E-09  7.980E-08 GeV   h6 -> ~sv2,~Sv2
 2.621E-09  7.979E-08 GeV   h6 -> ~sv3,~Sv3
 1.475E-09  4.489E-08 GeV   h6 -> ~se1,~Se1
 1.458E-09  4.437E-08 GeV   h6 -> ~se2,~Se2
 1.458E-09  4.437E-08 GeV   h6 -> ~se3,~Se3
 1.456E-09  4.431E-08 GeV   h6 -> d3,D3
 8.770E-10  2.669E-08 GeV   h6 -> ~se4,~Se4
 8.548E-10  2.602E-08 GeV   h6 -> ~se5,~Se5
 8.547E-10  2.602E-08 GeV   h6 -> ~se6,~Se6
 3.261E-10  9.926E-09 GeV   h6 -> e3,E3
 8.196E-11  2.495E-09 GeV   h6 -> ~Se1,~se4
 8.196E-11  2.495E-09 GeV   h6 -> ~se1,~Se4
 1.153E-12  3.510E-11 GeV   h6 -> e2,E2
 5.519E-13  1.680E-11 GeV   h6 -> d2,D2
 2.876E-13  8.755E-12 GeV   h6 -> ~Se2,~se5
 2.876E-13  8.755E-12 GeV   h6 -> ~se2,~Se5
 3.909E-14  1.190E-12 GeV   h6 -> u1,U1
 1.529E-15  4.654E-14 GeV   h6 -> d1,D1
 2.697E-17  8.210E-16 GeV   h6 -> e1,E1
 6.728E-18  2.048E-16 GeV   h6 -> ~Se3,~se6
 6.728E-18  2.048E-16 GeV   h6 -> ~se3,~Se6
 2.259E-18  6.876E-17 GeV   h6 -> nu3,Nu3
 1.882E-18  5.728E-17 GeV   h6 -> nu2,Nu2
 1.482E-19  4.510E-18 GeV   h6 -> nu1,Nu1
 1.510E-25  4.596E-24 GeV   h6 -> U2,u3
 1.510E-25  4.596E-24 GeV   h6 -> u2,U3
 5.500E-26  1.674E-24 GeV   h6 -> U1,u3
 5.500E-26  1.674E-24 GeV   h6 -> u1,U3
 3.817E-29  1.162E-27 GeV   h6 -> U1,u2
 3.817E-29  1.162E-27 GeV   h6 -> u1,U2
 6.877E-35  2.093E-33 GeV   h6 -> D2,d3
 6.877E-35  2.093E-33 GeV   h6 -> d2,D3
 5.196E-37  1.582E-35 GeV   h6 -> D1,d3
 5.196E-37  1.582E-35 GeV   h6 -> d1,D3
 3.900E-41  1.187E-39 GeV   h6 -> D1,d2
 3.900E-41  1.187E-39 GeV   h6 -> d1,D2
 4.128E-48  1.256E-46 GeV   h6 -> Nu1,nu3
 4.128E-48  1.256E-46 GeV   h6 -> nu1,Nu3
 -1.143E-02  -3.479E-01 GeV   h6 -> Ah4,Zp
 -5.526E-02  -1.682E+00 GeV   h6 -> Ah3,Zp
 Branching  Partial width   Channel
 2.846E-01  1.128E+00 GeV   Ah5 -> ~C1,~c1
 1.453E-01  5.759E-01 GeV   Ah5 -> ~N3,~N3
 1.289E-01  5.110E-01 GeV   Ah5 -> ~N5,~N5
 9.989E-02  3.959E-01 GeV   Ah5 -> ~N1,~N1
 6.880E-02  2.727E-01 GeV   Ah5 -> ~N2,~N4
 5.376E-02  2.131E-01 GeV   Ah5 -> ~N1,~N5
 4.824E-02  1.912E-01 GeV   Ah5 -> ~N4,~N4
 4.652E-02  1.844E-01 GeV   Ah5 -> h2,Ah3
 4.372E-02  1.733E-01 GeV   Ah5 -> h3,Ah4
 2.845E-02  1.128E-01 GeV   Ah5 -> h4,Ah4
 2.450E-02  9.710E-02 GeV   Ah5 -> ~N2,~N2
 1.828E-02  7.246E-02 GeV   Ah5 -> u3,U3
 3.243E-03  1.285E-02 GeV   Ah5 -> ~c1,~C2
 3.243E-03  1.285E-02 GeV   Ah5 -> ~C1,~c2
 2.771E-03  1.098E-02 GeV   Ah5 -> h4,Ah3
 1.787E-03  7.081E-03 GeV   Ah5 -> ~N4,~N6
 1.304E-03  5.168E-03 GeV   Ah5 -> ~N2,~N6
 1.285E-03  5.093E-03 GeV   Ah5 -> ~N1,~N3
 7.212E-04  2.858E-03 GeV   Ah5 -> h2,Ah4
 4.471E-04  1.772E-03 GeV   Ah5 -> h4,Z
 1.953E-04  7.741E-04 GeV   Ah5 -> ~N3,~N5
 1.730E-04  6.857E-04 GeV   Ah5 -> h3,Ah3
 1.377E-04  5.459E-04 GeV   Ah5 -> ~N3,~N6
 4.893E-05  1.939E-04 GeV   Ah5 -> ~N2,~N3
 3.693E-05  1.464E-04 GeV   Ah5 -> h3,Z
 1.748E-05  6.928E-05 GeV   Ah5 -> ~N3,~N4
 7.991E-06  3.167E-05 GeV   Ah5 -> h2,Z
 7.940E-06  3.147E-05 GeV   Ah5 -> ~N4,~N5
 6.889E-06  2.730E-05 GeV   Ah5 -> g,g
 6.637E-06  2.630E-05 GeV   Ah5 -> ~N1,~N2
 3.844E-06  1.524E-05 GeV   Ah5 -> A,A
 7.592E-07  3.009E-06 GeV   Ah5 -> ~N1,~N6
 4.860E-07  1.926E-06 GeV   Ah5 -> ~N2,~N5
 3.264E-07  1.294E-06 GeV   Ah5 -> d3,D3
 2.994E-07  1.187E-06 GeV   Ah5 -> u2,U2
 2.291E-07  9.078E-07 GeV   Ah5 -> ~N1,~N4
 1.723E-07  6.830E-07 GeV   Ah5 -> h1,Ah3
 1.011E-07  4.007E-07 GeV   Ah5 -> h1,Ah4
 7.312E-08  2.898E-07 GeV   Ah5 -> e3,E3
 1.116E-08  4.421E-08 GeV   Ah5 -> ~N5,~N6
 2.586E-10  1.025E-09 GeV   Ah5 -> e2,E2
 1.238E-10  4.905E-10 GeV   Ah5 -> d2,D2
 1.195E-12  4.734E-12 GeV   Ah5 -> u1,U1
 3.428E-13  1.359E-12 GeV   Ah5 -> d1,D1
 6.048E-15  2.397E-14 GeV   Ah5 -> e1,E1
 6.904E-17  2.736E-16 GeV   Ah5 -> nu3,Nu3
 5.751E-17  2.279E-16 GeV   Ah5 -> nu2,Nu2
 4.528E-18  1.794E-17 GeV   Ah5 -> nu1,Nu1
 4.605E-24  1.825E-23 GeV   Ah5 -> U2,u3
 4.605E-24  1.825E-23 GeV   Ah5 -> u2,U3
 1.678E-24  6.649E-24 GeV   Ah5 -> U1,u3
 1.678E-24  6.649E-24 GeV   Ah5 -> u1,U3
 1.166E-27  4.623E-27 GeV   Ah5 -> U1,u2
 1.166E-27  4.623E-27 GeV   Ah5 -> u1,U2
 1.542E-32  6.112E-32 GeV   Ah5 -> D2,d3
 1.542E-32  6.112E-32 GeV   Ah5 -> d2,D3
 1.165E-34  4.618E-34 GeV   Ah5 -> D1,d3
 1.165E-34  4.618E-34 GeV   Ah5 -> d1,D3
 8.746E-39  3.466E-38 GeV   Ah5 -> D1,d2
 8.746E-39  3.466E-38 GeV   Ah5 -> d1,D2
 1.262E-46  5.000E-46 GeV   Ah5 -> Nu1,nu3
 1.262E-46  5.000E-46 GeV   Ah5 -> nu1,Nu3
 -2.493E-03  -9.882E-03 GeV   Ah5 -> h1,Z
 -3.925E-03  -1.556E-02 GeV   Ah5 -> Wm,Wp
 Branching  Partial width   Channel
 1.943E-01  4.129E+00 GeV   Ah6 -> h3,Ah4
 1.841E-01  3.911E+00 GeV   Ah6 -> ~N5,~N5
 1.836E-01  3.901E+00 GeV   Ah6 -> ~N1,~N1
 1.812E-01  3.850E+00 GeV   Ah6 -> h4,Ah4
 1.727E-01  3.669E+00 GeV   Ah6 -> h3,Ah3
 3.407E-02  7.238E-01 GeV   Ah6 -> ~N1,~N7
 1.642E-02  3.488E-01 GeV   Ah6 -> h2,Ah4
 1.482E-02  3.148E-01 GeV   Ah6 -> h4,Ah3
 6.953E-03  1.477E-01 GeV   Ah6 -> h2,Ah3
 6.279E-03  1.334E-01 GeV   Ah6 -> ~N1,~N5
 3.728E-03  7.920E-02 GeV   Ah6 -> ~N1,~N8
 1.600E-03  3.399E-02 GeV   Ah6 -> ~N5,~N7
 7.318E-05  1.555E-03 GeV   Ah6 -> ~N1,~N3
 2.259E-05  4.800E-04 GeV   Ah6 -> h3,Z
 1.754E-05  3.726E-04 GeV   Ah6 -> h4,Z
 1.357E-05  2.883E-04 GeV   Ah6 -> ~N3,~N5
 4.242E-06  9.012E-05 GeV   Ah6 -> ~N3,~N7
 3.950E-06  8.391E-05 GeV   Ah6 -> h1,Ah3
 2.414E-06  5.128E-05 GeV   Ah6 -> ~N1,~N2
 1.995E-06  4.238E-05 GeV   Ah6 -> ~N2,~N5
 1.597E-06  3.393E-05 GeV   Ah6 -> h6,Ah4
 1.584E-06  3.366E-05 GeV   Ah6 -> h6,Ah3
 1.061E-06  2.255E-05 GeV   Ah6 -> ~N1,~N9
 1.027E-06  2.182E-05 GeV   Ah6 -> h1,Ah5
 7.399E-07  1.572E-05 GeV   Ah6 -> ~N2,~N7
 5.485E-07  1.165E-05 GeV   Ah6 -> h2,Z
 3.320E-07  7.054E-06 GeV   Ah6 -> ~N1,~N6
 1.492E-07  3.170E-06 GeV   Ah6 -> ~N5,~N6
 1.436E-07  3.050E-06 GeV   Ah6 -> ~N2,~N8
 1.304E-07  2.770E-06 GeV   Ah6 -> ~N3,~N8
 3.837E-08  8.152E-07 GeV   Ah6 -> ~N4,~N5
 3.802E-08  8.076E-07 GeV   Ah6 -> ~N4,~N8
 3.006E-08  6.386E-07 GeV   Ah6 -> h5,Ah4
 2.733E-08  5.806E-07 GeV   Ah6 -> h5,Ah3
 2.375E-08  5.045E-07 GeV   Ah6 -> ~N1,~N4
 1.564E-08  3.324E-07 GeV   Ah6 -> ~C1,~c1
 4.140E-09  8.795E-08 GeV   Ah6 -> ~N2,~N4
 3.930E-09  8.350E-08 GeV   Ah6 -> ~N4,~N7
 2.441E-09  5.186E-08 GeV   Ah6 -> ~N4,~N4
 1.681E-09  3.572E-08 GeV   Ah6 -> ~N2,~N2
 1.236E-09  2.627E-08 GeV   Ah6 -> Hp2,Wm
 1.236E-09  2.627E-08 GeV   Ah6 -> Hm2,Wp
 1.106E-09  2.350E-08 GeV   Ah6 -> h1,Z
 9.918E-10  2.107E-08 GeV   Ah6 -> h5,Z
 2.188E-10  4.648E-09 GeV   Ah6 -> ~N2,~N3
 1.570E-10  3.335E-09 GeV   Ah6 -> h1,Ah4
 1.053E-10  2.236E-09 GeV   Ah6 -> ~c1,~C2
 1.053E-10  2.236E-09 GeV   Ah6 -> ~C1,~c2
 7.802E-11  1.658E-09 GeV   Ah6 -> ~N2,~N6
 7.188E-11  1.527E-09 GeV   Ah6 -> ~N3,~N6
 6.435E-11  1.367E-09 GeV   Ah6 -> ~N4,~N6
 1.371E-11  2.913E-10 GeV   Ah6 -> ~N3,~N3
 9.994E-12  2.123E-10 GeV   Ah6 -> ~N3,~N4
 1.483E-12  3.151E-11 GeV   Ah6 -> ~N6,~N6
 5.332E-13  1.133E-11 GeV   Ah6 -> ~C2,~c2
 1.754E-13  3.726E-12 GeV   Ah6 -> d3,D3
 1.736E-13  3.689E-12 GeV   Ah6 -> A,A
 1.439E-13  3.058E-12 GeV   Ah6 -> u3,U3
 3.929E-14  8.347E-13 GeV   Ah6 -> e3,E3
 1.695E-14  3.602E-13 GeV   Ah6 -> ~Se1,~se4
 1.695E-14  3.602E-13 GeV   Ah6 -> ~se1,~Se4
 1.389E-16  2.952E-15 GeV   Ah6 -> e2,E2
 6.650E-17  1.413E-15 GeV   Ah6 -> d2,D2
 5.951E-17  1.264E-15 GeV   Ah6 -> ~Se2,~se5
 5.951E-17  1.264E-15 GeV   Ah6 -> ~se2,~Se5
 4.568E-17  9.704E-16 GeV   Ah6 -> g,g
 2.352E-18  4.998E-17 GeV   Ah6 -> u2,U2
 1.842E-19  3.914E-18 GeV   Ah6 -> d1,D1
 3.250E-21  6.905E-20 GeV   Ah6 -> e1,E1
 1.392E-21  2.957E-20 GeV   Ah6 -> ~Se3,~se6
 1.392E-21  2.957E-20 GeV   Ah6 -> ~se3,~Se6
 9.386E-24  1.994E-22 GeV   Ah6 -> u1,U1
 5.425E-28  1.152E-26 GeV   Ah6 -> nu3,Nu3
 4.519E-28  9.601E-27 GeV   Ah6 -> nu2,Nu2
 3.558E-29  7.558E-28 GeV   Ah6 -> nu1,Nu1
 3.626E-35  7.703E-34 GeV   Ah6 -> U2,u3
 3.626E-35  7.703E-34 GeV   Ah6 -> u2,U3
 1.321E-35  2.806E-34 GeV   Ah6 -> U1,u3
 1.321E-35  2.806E-34 GeV   Ah6 -> u1,U3
 9.165E-39  1.947E-37 GeV   Ah6 -> U1,u2
 9.165E-39  1.947E-37 GeV   Ah6 -> u1,U2
 8.286E-39  1.760E-37 GeV   Ah6 -> D2,d3
 8.286E-39  1.760E-37 GeV   Ah6 -> d2,D3
 6.261E-41  1.330E-39 GeV   Ah6 -> D1,d3
 6.261E-41  1.330E-39 GeV   Ah6 -> d1,D3
 4.699E-45  9.984E-44 GeV   Ah6 -> D1,d2
 4.699E-45  9.984E-44 GeV   Ah6 -> d1,D2
 9.912E-58  2.106E-56 GeV   Ah6 -> Nu1,nu3
 9.912E-58  2.106E-56 GeV   Ah6 -> nu1,Nu3
 -2.453E-77  -5.211E-76 GeV   Ah6 -> ~sv2,~Sv2
 -1.917E-51  -4.073E-50 GeV   Ah6 -> ~se4,~Se4
 -1.471E-13  -3.126E-12 GeV   Ah6 -> Wm,Wp
 -4.884E-07  -1.038E-05 GeV   Ah6 -> h1,Zp
 Branching  Partial width   Channel
 1.558E-46  5.466E-45 GeV   Hp2 -> nu3,E1
 2.376E-45  8.334E-44 GeV   Hp2 -> nu1,E2
 7.750E-21  2.719E-19 GeV   Hp2 -> A,Wp
 4.026E-10  1.412E-08 GeV   Hp2 -> nu1,E1
 2.167E-08  7.601E-07 GeV   Hp2 -> D1,u1
 1.542E-07  5.409E-06 GeV   Hp2 -> D1,u2
 2.643E-07  9.273E-06 GeV   Hp2 -> D3,u1
 4.198E-07  1.473E-05 GeV   Hp2 -> D2,u1
 5.578E-06  1.957E-04 GeV   Hp2 -> Z,Wp
 6.562E-06  2.302E-04 GeV   Hp2 -> D1,u3
 1.065E-05  3.736E-04 GeV   Hp2 -> D2,u2
 1.721E-05  6.038E-04 GeV   Hp2 -> nu3,E2
 3.748E-05  1.315E-03 GeV   Hp2 -> D3,u2
 4.482E-05  1.573E-03 GeV   Hp2 -> ~N5,~c2
 4.567E-05  1.602E-03 GeV   Hp2 -> ~N1,~c2
 5.682E-05  1.993E-03 GeV   Hp2 -> h1,Wp
 3.121E-04  1.095E-02 GeV   Hp2 -> D2,u3
 4.350E-04  1.526E-02 GeV   Hp2 -> h3,Wp
 6.014E-04  2.110E-02 GeV   Hp2 -> Ah4,Wp
 6.416E-04  2.251E-02 GeV   Hp2 -> h4,Wp
 1.482E-03  5.198E-02 GeV   Hp2 -> ~N3,~c1
 1.770E-03  6.211E-02 GeV   Hp2 -> h2,Wp
 4.867E-03  1.708E-01 GeV   Hp2 -> nu2,E3
 6.653E-03  2.334E-01 GeV   Hp2 -> Ah3,Wp
 1.299E-02  4.558E-01 GeV   Hp2 -> ~N5,~c1
 2.023E-02  7.098E-01 GeV   Hp2 -> ~N1,~c1
 4.385E-02  1.538E+00 GeV   Hp2 -> ~N4,~c1
 5.186E-02  1.819E+00 GeV   Hp2 -> ~N2,~c1
 9.240E-02  3.241E+00 GeV   Hp2 -> ~N2,~c2
 1.256E-01  4.406E+00 GeV   Hp2 -> ~N4,~c2
 2.047E-01  7.181E+00 GeV   Hp2 -> D3,u3
 2.154E-01  7.557E+00 GeV   Hp2 -> ~N3,~c2
 2.160E-01  7.577E+00 GeV   Hp2 -> ~N6,~c1
